c:\users\abdallah\documents\visual studio 2017\projects\chatclient\chatclient\debug\vc141.pdb
c:\users\abdallah\documents\visual studio 2017\projects\chatclient\chatclient\debug\vc141.idb
c:\users\abdallah\documents\visual studio 2017\projects\chatclient\chatclient\debug\appname_to_appnum.obj
c:\users\abdallah\documents\visual studio 2017\projects\chatclient\chatclient\debug\await_contact.obj
c:\users\abdallah\documents\visual studio 2017\projects\chatclient\chatclient\debug\cnaiapi_init.obj
c:\users\abdallah\documents\visual studio 2017\projects\chatclient\chatclient\debug\cname_to_comp.obj
c:\users\abdallah\documents\visual studio 2017\projects\chatclient\chatclient\debug\make_contact.obj
c:\users\abdallah\documents\visual studio 2017\projects\chatclient\chatclient\debug\readln.obj
c:\users\abdallah\documents\visual studio 2017\projects\chatclient\chatclient\debug\send_eof.obj
c:\users\abdallah\documents\visual studio 2017\projects\chatclient\chatclient\debug\chatclient.obj
c:\users\abdallah\documents\visual studio 2017\projects\chatclient\debug\chatclient.pdb
c:\users\abdallah\documents\visual studio 2017\projects\chatclient\chatclient\debug\chatclient.tlog\cl.command.1.tlog
c:\users\abdallah\documents\visual studio 2017\projects\chatclient\chatclient\debug\chatclient.tlog\cl.read.1.tlog
c:\users\abdallah\documents\visual studio 2017\projects\chatclient\chatclient\debug\chatclient.tlog\cl.write.1.tlog
c:\users\abdallah\documents\visual studio 2017\projects\chatclient\chatclient\debug\chatclient.tlog\link-cvtres.read.1.tlog
c:\users\abdallah\documents\visual studio 2017\projects\chatclient\chatclient\debug\chatclient.tlog\link-cvtres.write.1.tlog
c:\users\abdallah\documents\visual studio 2017\projects\chatclient\chatclient\debug\chatclient.tlog\link-rc.read.1.tlog
c:\users\abdallah\documents\visual studio 2017\projects\chatclient\chatclient\debug\chatclient.tlog\link-rc.write.1.tlog
c:\users\abdallah\documents\visual studio 2017\projects\chatclient\chatclient\debug\chatclient.tlog\link.12532-cvtres.read.1.tlog
c:\users\abdallah\documents\visual studio 2017\projects\chatclient\chatclient\debug\chatclient.tlog\link.12532-cvtres.write.1.tlog
c:\users\abdallah\documents\visual studio 2017\projects\chatclient\chatclient\debug\chatclient.tlog\link.12532-rc.read.1.tlog
c:\users\abdallah\documents\visual studio 2017\projects\chatclient\chatclient\debug\chatclient.tlog\link.12532-rc.write.1.tlog
c:\users\abdallah\documents\visual studio 2017\projects\chatclient\chatclient\debug\chatclient.tlog\link.12532.read.1.tlog
c:\users\abdallah\documents\visual studio 2017\projects\chatclient\chatclient\debug\chatclient.tlog\link.12532.write.1.tlog
c:\users\abdallah\documents\visual studio 2017\projects\chatclient\chatclient\debug\chatclient.tlog\link.command.1.tlog
c:\users\abdallah\documents\visual studio 2017\projects\chatclient\chatclient\debug\chatclient.tlog\link.read.1.tlog
c:\users\abdallah\documents\visual studio 2017\projects\chatclient\chatclient\debug\chatclient.tlog\link.write.1.tlog
